Traceback (most recent call last):
  File "/home/goof/anaconda3/lib/python3.11/site-packages/jupyter_cache/executors/utils.py", line 58, in single_nb_execution
    executenb(
  File "/home/goof/anaconda3/lib/python3.11/site-packages/nbclient/client.py", line 1305, in execute
    return NotebookClient(nb=nb, resources=resources, km=km, **kwargs).execute()
           ^^^^^^^^^^^^^^^^^^^^^^^^^^^^^^^^^^^^^^^^^^^^^^^^^^^^^^^^^^^^^^^^^^^^^
  File "/home/goof/anaconda3/lib/python3.11/site-packages/jupyter_core/utils/__init__.py", line 173, in wrapped
    return loop.run_until_complete(inner)
           ^^^^^^^^^^^^^^^^^^^^^^^^^^^^^^
  File "/home/goof/anaconda3/lib/python3.11/asyncio/base_events.py", line 653, in run_until_complete
    return future.result()
           ^^^^^^^^^^^^^^^
  File "/home/goof/anaconda3/lib/python3.11/site-packages/nbclient/client.py", line 705, in async_execute
    await self.async_execute_cell(
  File "/home/goof/anaconda3/lib/python3.11/site-packages/nbclient/client.py", line 1058, in async_execute_cell
    await self._check_raise_for_error(cell, cell_index, exec_reply)
  File "/home/goof/anaconda3/lib/python3.11/site-packages/nbclient/client.py", line 914, in _check_raise_for_error
    raise CellExecutionError.from_cell_and_msg(cell, exec_reply_content)
nbclient.exceptions.CellExecutionError: An error occurred while executing the following cell:
------------------
df = pd.read_parquet('../data/SO_2014_2022.pq')
df = df[(df['Salary'] > 0) & (df['Salary'] < 250000)]

df.head()
------------------


[0;31m---------------------------------------------------------------------------[0m
[0;31mFileNotFoundError[0m                         Traceback (most recent call last)
Cell [0;32mIn[3], line 1[0m
[0;32m----> 1[0m df [38;5;241m=[39m pd[38;5;241m.[39mread_parquet([38;5;124m'[39m[38;5;124m../data/SO_2014_2022.pq[39m[38;5;124m'[39m)
[1;32m      2[0m df [38;5;241m=[39m df[(df[[38;5;124m'[39m[38;5;124mSalary[39m[38;5;124m'[39m] [38;5;241m>[39m [38;5;241m0[39m) [38;5;241m&[39m (df[[38;5;124m'[39m[38;5;124mSalary[39m[38;5;124m'[39m] [38;5;241m<[39m [38;5;241m250000[39m)]
[1;32m      4[0m df[38;5;241m.[39mhead()

File [0;32m~/anaconda3/lib/python3.11/site-packages/pandas/io/parquet.py:670[0m, in [0;36mread_parquet[0;34m(path, engine, columns, storage_options, use_nullable_dtypes, dtype_backend, filesystem, filters, **kwargs)[0m
[1;32m    667[0m     use_nullable_dtypes [38;5;241m=[39m [38;5;28;01mFalse[39;00m
[1;32m    668[0m check_dtype_backend(dtype_backend)
[0;32m--> 670[0m [38;5;28;01mreturn[39;00m impl[38;5;241m.[39mread(
[1;32m    671[0m     path,
[1;32m    672[0m     columns[38;5;241m=[39mcolumns,
[1;32m    673[0m     filters[38;5;241m=[39mfilters,
[1;32m    674[0m     storage_options[38;5;241m=[39mstorage_options,
[1;32m    675[0m     use_nullable_dtypes[38;5;241m=[39muse_nullable_dtypes,
[1;32m    676[0m     dtype_backend[38;5;241m=[39mdtype_backend,
[1;32m    677[0m     filesystem[38;5;241m=[39mfilesystem,
[1;32m    678[0m     [38;5;241m*[39m[38;5;241m*[39mkwargs,
[1;32m    679[0m )

File [0;32m~/anaconda3/lib/python3.11/site-packages/pandas/io/parquet.py:265[0m, in [0;36mPyArrowImpl.read[0;34m(self, path, columns, filters, use_nullable_dtypes, dtype_backend, storage_options, filesystem, **kwargs)[0m
[1;32m    262[0m [38;5;28;01mif[39;00m manager [38;5;241m==[39m [38;5;124m"[39m[38;5;124marray[39m[38;5;124m"[39m:
[1;32m    263[0m     to_pandas_kwargs[[38;5;124m"[39m[38;5;124msplit_blocks[39m[38;5;124m"[39m] [38;5;241m=[39m [38;5;28;01mTrue[39;00m  [38;5;66;03m# type: ignore[assignment][39;00m
[0;32m--> 265[0m path_or_handle, handles, filesystem [38;5;241m=[39m _get_path_or_handle(
[1;32m    266[0m     path,
[1;32m    267[0m     filesystem,
[1;32m    268[0m     storage_options[38;5;241m=[39mstorage_options,
[1;32m    269[0m     mode[38;5;241m=[39m[38;5;124m"[39m[38;5;124mrb[39m[38;5;124m"[39m,
[1;32m    270[0m )
[1;32m    271[0m [38;5;28;01mtry[39;00m:
[1;32m    272[0m     pa_table [38;5;241m=[39m [38;5;28mself[39m[38;5;241m.[39mapi[38;5;241m.[39mparquet[38;5;241m.[39mread_table(
[1;32m    273[0m         path_or_handle,
[1;32m    274[0m         columns[38;5;241m=[39mcolumns,
[0;32m   (...)[0m
[1;32m    277[0m         [38;5;241m*[39m[38;5;241m*[39mkwargs,
[1;32m    278[0m     )

File [0;32m~/anaconda3/lib/python3.11/site-packages/pandas/io/parquet.py:139[0m, in [0;36m_get_path_or_handle[0;34m(path, fs, storage_options, mode, is_dir)[0m
[1;32m    129[0m handles [38;5;241m=[39m [38;5;28;01mNone[39;00m
[1;32m    130[0m [38;5;28;01mif[39;00m (
[1;32m    131[0m     [38;5;129;01mnot[39;00m fs
[1;32m    132[0m     [38;5;129;01mand[39;00m [38;5;129;01mnot[39;00m is_dir
[0;32m   (...)[0m
[1;32m    137[0m     [38;5;66;03m# fsspec resources can also point to directories[39;00m
[1;32m    138[0m     [38;5;66;03m# this branch is used for example when reading from non-fsspec URLs[39;00m
[0;32m--> 139[0m     handles [38;5;241m=[39m get_handle(
[1;32m    140[0m         path_or_handle, mode, is_text[38;5;241m=[39m[38;5;28;01mFalse[39;00m, storage_options[38;5;241m=[39mstorage_options
[1;32m    141[0m     )
[1;32m    142[0m     fs [38;5;241m=[39m [38;5;28;01mNone[39;00m
[1;32m    143[0m     path_or_handle [38;5;241m=[39m handles[38;5;241m.[39mhandle

File [0;32m~/anaconda3/lib/python3.11/site-packages/pandas/io/common.py:872[0m, in [0;36mget_handle[0;34m(path_or_buf, mode, encoding, compression, memory_map, is_text, errors, storage_options)[0m
[1;32m    863[0m         handle [38;5;241m=[39m [38;5;28mopen[39m(
[1;32m    864[0m             handle,
[1;32m    865[0m             ioargs[38;5;241m.[39mmode,
[0;32m   (...)[0m
[1;32m    868[0m             newline[38;5;241m=[39m[38;5;124m"[39m[38;5;124m"[39m,
[1;32m    869[0m         )
[1;32m    870[0m     [38;5;28;01melse[39;00m:
[1;32m    871[0m         [38;5;66;03m# Binary mode[39;00m
[0;32m--> 872[0m         handle [38;5;241m=[39m [38;5;28mopen[39m(handle, ioargs[38;5;241m.[39mmode)
[1;32m    873[0m     handles[38;5;241m.[39mappend(handle)
[1;32m    875[0m [38;5;66;03m# Convert BytesIO or file objects passed with an encoding[39;00m

[0;31mFileNotFoundError[0m: [Errno 2] No such file or directory: '../data/SO_2014_2022.pq'

